<?xml version="1.0" encoding="UTF-8"?>
<testng-results ignored="0" total="1" passed="1" failed="0" skipped="0">
  <reporter-output>
  </reporter-output>
  <suite started-at="2025-05-23T12:16:14 IST" name="Default suite" finished-at="2025-05-23T12:16:35 IST" duration-ms="21292">
    <groups>
    </groups>
    <test started-at="2025-05-23T12:16:14 IST" name="Default test" finished-at="2025-05-23T12:16:35 IST" duration-ms="21292">
      <class name="mavenTest.DataDriven">
        <test-method is-config="true" signature="setup()[pri:0, instance:mavenTest.DataDriven@4c12331b]" started-at="2025-05-23T12:16:14 IST" name="setup" finished-at="2025-05-23T12:16:22 IST" duration-ms="7979" status="PASS">
          <reporter-output>
          </reporter-output>
        </test-method> <!-- setup -->
        <test-method signature="fillPatientRegistrationForm()[pri:0, instance:mavenTest.DataDriven@4c12331b]" started-at="2025-05-23T12:16:22 IST" name="fillPatientRegistrationForm" finished-at="2025-05-23T12:16:35 IST" duration-ms="12902" status="PASS">
          <reporter-output>
          </reporter-output>
        </test-method> <!-- fillPatientRegistrationForm -->
        <test-method is-config="true" signature="tearDown()[pri:0, instance:mavenTest.DataDriven@4c12331b]" started-at="2025-05-23T12:16:35 IST" name="tearDown" finished-at="2025-05-23T12:16:35 IST" duration-ms="322" status="PASS">
          <reporter-output>
          </reporter-output>
        </test-method> <!-- tearDown -->
      </class> <!-- mavenTest.DataDriven -->
    </test> <!-- Default test -->
  </suite> <!-- Default suite -->
</testng-results>
